  Camera.cpp
  Proyecto.cpp
c:\users\josue yafte\documents\practicasgrafica\proyecto grafica\proy\proyecto\proyecto\window.h(12): warning C4244: 'return': conversión de 'GLint' a 'GLfloat'; posible pérdida de datos
c:\users\josue yafte\documents\practicasgrafica\proyecto grafica\proy\proyecto\proyecto\window.h(13): warning C4244: 'return': conversión de 'GLint' a 'GLfloat'; posible pérdida de datos
c:\users\josue yafte\documents\practicasgrafica\proyecto grafica\proy\proyecto\proyecto\proyecto.cpp(494): warning C4244: 'inicializando': conversión de 'double' a 'GLfloat'; posible pérdida de datos
c:\users\josue yafte\documents\practicasgrafica\proyecto grafica\proy\proyecto\proyecto\proyecto.cpp(496): warning C4244: '+=': conversión de 'double' a 'GLfloat'; posible pérdida de datos
c:\users\josue yafte\documents\practicasgrafica\proyecto grafica\proy\proyecto\proyecto\proyecto.cpp(582): warning C4244: '+=': conversión de 'double' a 'float'; posible pérdida de datos
c:\users\josue yafte\documents\practicasgrafica\proyecto grafica\proy\proyecto\proyecto\proyecto.cpp(601): warning C4244: '-=': conversión de 'double' a 'float'; posible pérdida de datos
c:\users\josue yafte\documents\practicasgrafica\proyecto grafica\proy\proyecto\proyecto\proyecto.cpp(605): warning C4244: '-=': conversión de 'double' a 'float'; posible pérdida de datos
c:\users\josue yafte\documents\practicasgrafica\proyecto grafica\proy\proyecto\proyecto\proyecto.cpp(613): warning C4244: '-=': conversión de 'double' a 'float'; posible pérdida de datos
c:\users\josue yafte\documents\practicasgrafica\proyecto grafica\proy\proyecto\proyecto\proyecto.cpp(630): warning C4244: '-=': conversión de 'double' a 'float'; posible pérdida de datos
c:\users\josue yafte\documents\practicasgrafica\proyecto grafica\proy\proyecto\proyecto\proyecto.cpp(634): warning C4244: '+=': conversión de 'double' a 'float'; posible pérdida de datos
c:\users\josue yafte\documents\practicasgrafica\proyecto grafica\proy\proyecto\proyecto\proyecto.cpp(668): warning C4244: '+=': conversión de 'double' a 'float'; posible pérdida de datos
c:\users\josue yafte\documents\practicasgrafica\proyecto grafica\proy\proyecto\proyecto\proyecto.cpp(676): warning C4244: '+=': conversión de 'double' a 'float'; posible pérdida de datos
c:\users\josue yafte\documents\practicasgrafica\proyecto grafica\proy\proyecto\proyecto\proyecto.cpp(679): warning C4244: '-=': conversión de 'double' a 'float'; posible pérdida de datos
c:\users\josue yafte\documents\practicasgrafica\proyecto grafica\proy\proyecto\proyecto\proyecto.cpp(698): warning C4244: '+=': conversión de 'double' a 'float'; posible pérdida de datos
c:\users\josue yafte\documents\practicasgrafica\proyecto grafica\proy\proyecto\proyecto\proyecto.cpp(713): warning C4244: '+=': conversión de 'double' a 'float'; posible pérdida de datos
c:\users\josue yafte\documents\practicasgrafica\proyecto grafica\proy\proyecto\proyecto\proyecto.cpp(722): warning C4244: '-=': conversión de 'double' a 'float'; posible pérdida de datos
c:\users\josue yafte\documents\practicasgrafica\proyecto grafica\proy\proyecto\proyecto\proyecto.cpp(725): warning C4244: '-=': conversión de 'double' a 'float'; posible pérdida de datos
c:\users\josue yafte\documents\practicasgrafica\proyecto grafica\proy\proyecto\proyecto\proyecto.cpp(742): warning C4244: '+=': conversión de 'double' a 'float'; posible pérdida de datos
c:\users\josue yafte\documents\practicasgrafica\proyecto grafica\proy\proyecto\proyecto\proyecto.cpp(760): warning C4244: '+=': conversión de 'double' a 'float'; posible pérdida de datos
c:\users\josue yafte\documents\practicasgrafica\proyecto grafica\proy\proyecto\proyecto\proyecto.cpp(777): warning C4244: '+=': conversión de 'double' a 'float'; posible pérdida de datos
c:\users\josue yafte\documents\practicasgrafica\proyecto grafica\proy\proyecto\proyecto\proyecto.cpp(799): warning C4244: '+=': conversión de 'double' a 'float'; posible pérdida de datos
c:\users\josue yafte\documents\practicasgrafica\proyecto grafica\proy\proyecto\proyecto\proyecto.cpp(805): warning C4244: '+=': conversión de 'double' a 'float'; posible pérdida de datos
c:\users\josue yafte\documents\practicasgrafica\proyecto grafica\proy\proyecto\proyecto\proyecto.cpp(810): warning C4244: '+=': conversión de 'double' a 'float'; posible pérdida de datos
c:\users\josue yafte\documents\practicasgrafica\proyecto grafica\proy\proyecto\proyecto\proyecto.cpp(815): warning C4244: '+=': conversión de 'double' a 'float'; posible pérdida de datos
c:\users\josue yafte\documents\practicasgrafica\proyecto grafica\proy\proyecto\proyecto\proyecto.cpp(820): warning C4244: '+=': conversión de 'double' a 'float'; posible pérdida de datos
c:\users\josue yafte\documents\practicasgrafica\proyecto grafica\proy\proyecto\proyecto\proyecto.cpp(842): warning C4244: '+=': conversión de 'double' a 'float'; posible pérdida de datos
c:\users\josue yafte\documents\practicasgrafica\proyecto grafica\proy\proyecto\proyecto\proyecto.cpp(845): warning C4244: '+=': conversión de 'double' a 'float'; posible pérdida de datos
c:\users\josue yafte\documents\practicasgrafica\proyecto grafica\proy\proyecto\proyecto\proyecto.cpp(851): warning C4244: '+=': conversión de 'double' a 'float'; posible pérdida de datos
c:\users\josue yafte\documents\practicasgrafica\proyecto grafica\proy\proyecto\proyecto\proyecto.cpp(871): warning C4244: '-=': conversión de 'double' a 'float'; posible pérdida de datos
c:\users\josue yafte\documents\practicasgrafica\proyecto grafica\proy\proyecto\proyecto\proyecto.cpp(876): warning C4244: '+=': conversión de 'double' a 'float'; posible pérdida de datos
c:\users\josue yafte\documents\practicasgrafica\proyecto grafica\proy\proyecto\proyecto\proyecto.cpp(896): warning C4244: '+=': conversión de 'double' a 'float'; posible pérdida de datos
c:\users\josue yafte\documents\practicasgrafica\proyecto grafica\proy\proyecto\proyecto\proyecto.cpp(902): warning C4244: '+=': conversión de 'double' a 'float'; posible pérdida de datos
c:\users\josue yafte\documents\practicasgrafica\proyecto grafica\proy\proyecto\proyecto\proyecto.cpp(922): warning C4244: '+=': conversión de 'double' a 'float'; posible pérdida de datos
c:\users\josue yafte\documents\practicasgrafica\proyecto grafica\proy\proyecto\proyecto\proyecto.cpp(927): warning C4244: '+=': conversión de 'double' a 'float'; posible pérdida de datos
c:\users\josue yafte\documents\practicasgrafica\proyecto grafica\proy\proyecto\proyecto\proyecto.cpp(933): warning C4244: '-=': conversión de 'double' a 'float'; posible pérdida de datos
c:\users\josue yafte\documents\practicasgrafica\proyecto grafica\proy\proyecto\proyecto\proyecto.cpp(938): warning C4244: '+=': conversión de 'double' a 'float'; posible pérdida de datos
c:\users\josue yafte\documents\practicasgrafica\proyecto grafica\proy\proyecto\proyecto\proyecto.cpp(1018): warning C4305: '+=': truncamiento de 'double' a 'float'
c:\users\josue yafte\documents\practicasgrafica\proyecto grafica\proy\proyecto\proyecto\proyecto.cpp(1031): warning C4244: '+=': conversión de 'double' a 'float'; posible pérdida de datos
c:\users\josue yafte\documents\practicasgrafica\proyecto grafica\proy\proyecto\proyecto\proyecto.cpp(1055): warning C4244: '+=': conversión de 'double' a 'float'; posible pérdida de datos
c:\users\josue yafte\documents\practicasgrafica\proyecto grafica\proy\proyecto\proyecto\proyecto.cpp(1072): warning C4305: 'argumento': truncamiento de 'double' a 'GLfloat'
  Generando código...
LINK : warning LNK4098: la biblioteca predeterminada'MSVCRT' entra en conflicto con otras bibliotecas; use la biblioteca /NODEFAULTLIB:biblioteca
  Proyecto.vcxproj -> C:\Users\Josue Yafte\Documents\PracticasGrafica\Proyecto grafica\proy\Proyecto\Debug\Proyecto.exe
